<?xml version="1.0" encoding="UTF-8"?>
<!-- Generated by org.testng.reporters.JUnitXMLReporter -->
<testsuite hostname="Basha-PC" ignored="0" name="Test" tests="4" failures="0" timestamp="21 Mar 2018 08:41:35 GMT" time="0.395" errors="0">
  <testcase name="nativeAppAndroid" time="0.061" classname="Practise.Test.AppiumTest"/>
  <testcase name="nativeMobile" time="0.0" classname="Practise.Test.AppiumTest"/>
  <testcase name="elementSearch" time="0.0" classname="Practise.Test.SeleniumTest"/>
  <testcase name="openBrowser" time="0.0" classname="Practise.Test.SeleniumTest"/>
</testsuite> <!-- Test -->
