<?xml version="1.0" encoding="UTF-8"?>
<!-- Generated by org.testng.reporters.JUnitXMLReporter -->
<testsuite hostname="Basha-PC" ignored="0" name="Test" tests="6" failures="0" timestamp="20 Mar 2018 04:32:37 GMT" time="0.102" errors="0">
  <testcase name="nativeAppAndroid" time="0.02" classname="Practise.Test.AppiumTest"/>
  <testcase name="nativeMobile" time="0.002" classname="Practise.Test.AppiumTest"/>
  <testcase name="elementSearch" time="0.002" classname="Practise.Test.SeleniumTest"/>
  <testcase name="openBrowser" time="0.004" classname="Practise.Test.SeleniumTest"/>
  <testcase name="createBug" time="0.001" classname="Practise.Test.RestAPITest"/>
  <testcase name="postTwitter" time="0.002" classname="Practise.Test.RestAPITest"/>
</testsuite> <!-- Test -->
