<?xml version="1.0" encoding="UTF-8"?>
<testng-results skipped="0" failed="0" ignored="0" total="4" passed="4">
  <reporter-output>
  </reporter-output>
  <suite name="Suite" duration-ms="395" started-at="2018-03-21T08:41:35Z" finished-at="2018-03-21T08:41:35Z">
    <groups>
    </groups>
    <test name="Test" duration-ms="395" started-at="2018-03-21T08:41:35Z" finished-at="2018-03-21T08:41:35Z">
      <class name="Practise.Test.SeleniumTest">
        <test-method status="PASS" signature="elementSearch()[pri:0, instance:Practise.Test.SeleniumTest@531be3c5]" name="elementSearch" duration-ms="0" started-at="2018-03-21T08:41:35Z" finished-at="2018-03-21T08:41:35Z">
          <reporter-output>
          </reporter-output>
        </test-method> <!-- elementSearch -->
        <test-method status="PASS" signature="openBrowser()[pri:0, instance:Practise.Test.SeleniumTest@531be3c5]" name="openBrowser" duration-ms="0" started-at="2018-03-21T08:41:35Z" finished-at="2018-03-21T08:41:35Z">
          <reporter-output>
          </reporter-output>
        </test-method> <!-- openBrowser -->
      </class> <!-- Practise.Test.SeleniumTest -->
      <class name="Practise.Test.AppiumTest">
        <test-method status="PASS" signature="nativeAppAndroid()[pri:0, instance:Practise.Test.AppiumTest@36f6e879]" name="nativeAppAndroid" duration-ms="61" started-at="2018-03-21T08:41:35Z" finished-at="2018-03-21T08:41:35Z">
          <reporter-output>
          </reporter-output>
        </test-method> <!-- nativeAppAndroid -->
        <test-method status="PASS" signature="nativeMobile()[pri:0, instance:Practise.Test.AppiumTest@36f6e879]" name="nativeMobile" duration-ms="0" started-at="2018-03-21T08:41:35Z" finished-at="2018-03-21T08:41:35Z">
          <reporter-output>
          </reporter-output>
        </test-method> <!-- nativeMobile -->
      </class> <!-- Practise.Test.AppiumTest -->
    </test> <!-- Test -->
  </suite> <!-- Suite -->
</testng-results>
